<?xml version="1.0" encoding="UTF-8"?>
<testsuite xmlns:xsi="http://www.w3.org/2001/XMLSchema-instance" xsi:noNamespaceSchemaLocation="https://maven.apache.org/surefire/maven-surefire-plugin/xsd/surefire-test-report.xsd" name="test.java.StoreTest" time="0.078" tests="2" errors="0" skipped="0" failures="0">
  <properties>
[...]
</properties>
  <testcase name="testIfBuyerPaidForTheSeeds" classname="test.java.StoreTest" time="0.009"/>
  <testcase name="testIfBuyerReceivedTheSeed" classname="test.java.StoreTest" time="0.064"/>
</testsuite>